<?xml version="1.0" encoding="UTF-8"?>
<!-- Generated by org.testng.reporters.JUnitXMLReporter -->
<testsuite ignored="0" hostname="SOAPLearning" failures="0" tests="10" name="Default test" time="0.156" errors="0" timestamp="2019-11-26T16:48:16 IST">
  <testcase classname="myFirstTestNG_Project.myFirstTestNG_Class" name="@BeforeSuite invokeBrowesers" time="20.988">
    <failure type="java.lang.NullPointerException">
      <![CDATA[java.lang.NullPointerException
at myFirstTestNG_Project.takeScreenshot.takeScreenshots(takeScreenshot.java:36)
at myFirstTestNG_Project.myFirstTestNG_Class.invokeBrowesers(myFirstTestNG_Class.java:27)
at java.base/jdk.internal.reflect.NativeMethodAccessorImpl.invoke0(Native Method)
at java.base/jdk.internal.reflect.NativeMethodAccessorImpl.invoke(NativeMethodAccessorImpl.java:62)
at java.base/jdk.internal.reflect.DelegatingMethodAccessorImpl.invoke(DelegatingMethodAccessorImpl.java:43)
at java.base/java.lang.reflect.Method.invoke(Method.java:567)
at org.testng.internal.MethodInvocationHelper.invokeMethod(MethodInvocationHelper.java:133)
at org.testng.internal.MethodInvocationHelper.invokeMethodConsideringTimeout(MethodInvocationHelper.java:62)
at org.testng.internal.ConfigInvoker.invokeConfigurationMethod(ConfigInvoker.java:340)
at org.testng.internal.ConfigInvoker.invokeConfigurations(ConfigInvoker.java:294)
at org.testng.SuiteRunner.privateRun(SuiteRunner.java:345)
at org.testng.SuiteRunner.run(SuiteRunner.java:304)
at org.testng.SuiteRunnerWorker.runSuite(SuiteRunnerWorker.java:53)
at org.testng.SuiteRunnerWorker.run(SuiteRunnerWorker.java:96)
at org.testng.TestNG.runSuitesSequentially(TestNG.java:1180)
at org.testng.TestNG.runSuitesLocally(TestNG.java:1102)
at org.testng.TestNG.runSuites(TestNG.java:1032)
at org.testng.TestNG.run(TestNG.java:1000)
at org.testng.remote.AbstractRemoteTestNG.run(AbstractRemoteTestNG.java:115)
at org.testng.remote.RemoteTestNG.initAndRun(RemoteTestNG.java:251)
at org.testng.remote.RemoteTestNG.main(RemoteTestNG.java:77)
]]>
    </failure>
  </testcase> <!-- @BeforeSuite invokeBrowesers -->
  <testcase classname="myFirstTestNG_Project.myFirstTestNG_Class" name="@AfterTest afterTest" time="-1.574767096419E9">
    <skipped/>
  </testcase> <!-- @AfterTest afterTest -->
  <testcase classname="myFirstTestNG_Project.myFirstTestNG_Class" name="login" time="0.0">
    <skipped/>
  </testcase> <!-- login -->
  <testcase classname="myFirstTestNG_Project.myFirstTestNG_Class" name="dashboardisOpened" time="0.0">
    <skipped/>
  </testcase> <!-- dashboardisOpened -->
  <testcase classname="myFirstTestNG_Project.myFirstTestNG_Class" name="openViewDetails" time="0.0">
    <skipped/>
  </testcase> <!-- openViewDetails -->
  <testcase classname="myFirstTestNG_Project.myFirstTestNG_Class" name="paypremium" time="0.0">
    <skipped/>
  </testcase> <!-- paypremium -->
  <testcase classname="myFirstTestNG_Project.myFirstTestNG_Class" name="paysecurely" time="0.0">
    <skipped/>
  </testcase> <!-- paysecurely -->
  <testcase classname="myFirstTestNG_Project.myFirstTestNG_Class" name="allpay" time="0.0">
    <skipped/>
  </testcase> <!-- allpay -->
  <testcase classname="myFirstTestNG_Project.myFirstTestNG_Class" name="confirmandProceed" time="0.0">
    <skipped/>
  </testcase> <!-- confirmandProceed -->
  <testcase classname="myFirstTestNG_Project.myFirstTestNG_Class" name="netbanking" time="0.0">
    <skipped/>
  </testcase> <!-- netbanking -->
  <testcase classname="myFirstTestNG_Project.myFirstTestNG_Class" name="selectNetbankandPays" time="0.0">
    <skipped/>
  </testcase> <!-- selectNetbankandPays -->
  <testcase classname="myFirstTestNG_Project.myFirstTestNG_Class" name="verifyandreturn" time="0.0">
    <skipped/>
  </testcase> <!-- verifyandreturn -->
</testsuite> <!-- Default test -->
