<?xml version="1.0" encoding="UTF-8"?>
<!-- Generated by org.testng.reporters.JUnitXMLReporter -->
<testsuite hostname="INPC0TB3ZZ" ignored="0" name="Default test" tests="4" failures="0" timestamp="2019-12-17T16:32:09 IST" time="102.251" errors="0">
  <testcase name="login" time="15.727" classname="gRCenforce.gRCenforceCompliance_history"/>
  <testcase name="Select_Location_BU" time="30.235" classname="gRCenforce.gRCenforceCompliance_history"/>
  <testcase name="select_department" time="17.9" classname="gRCenforce.gRCenforceCompliance_history"/>
  <testcase name="logout" time="16.765" classname="gRCenforce.gRCenforceCompliance_history"/>
</testsuite> <!-- Default test -->
