<?xml version="1.0" encoding="UTF-8"?>
<!-- Generated by org.testng.reporters.JUnitXMLReporter -->
<testsuite hostname="INPC0TB3ZZ" ignored="0" name="gRCenforceView_Compliance_Tasks" tests="6" failures="0" timestamp="2019-12-06T12:41:27 IST" time="138.272" errors="0">
  <testcase name="login" time="25.643" classname="gRCenforce.gRCenforceView_Compliance_Tasks"/>
  <testcase name="view_Overdue_Complaince" time="19.959" classname="gRCenforce.gRCenforceView_Compliance_Tasks"/>
  <testcase name="view_total_Complaince" time="19.992" classname="gRCenforce.gRCenforceView_Compliance_Tasks"/>
  <testcase name="view_due_Complaince" time="20.088" classname="gRCenforce.gRCenforceView_Compliance_Tasks"/>
  <testcase name="view_rejected_Complaince" time="20.086" classname="gRCenforce.gRCenforceView_Compliance_Tasks"/>
  <testcase name="logout" time="16.882" classname="gRCenforce.gRCenforceView_Compliance_Tasks"/>
</testsuite> <!-- gRCenforceView_Compliance_Tasks -->
