<?xml version="1.0" encoding="UTF-8"?>
<testng-results skipped="0" failed="0" ignored="0" total="2" passed="2">
  <reporter-output>
    <line>
      <![CDATA[<br><img src='C:\Users\chitramitc478\Desktop\Screenshot\20191211_191344.png' height='400' width='400'/><br>]]>
    </line>
    <line>
      <![CDATA[<br><img src='C:\Users\chitramitc478\Desktop\Screenshot\20191211_191401.png' height='400' width='400'/><br>]]>
    </line>
    <line>
      <![CDATA[<br><img src='C:\Users\chitramitc478\Desktop\Screenshot\20191211_191418.png' height='400' width='400'/><br>]]>
    </line>
  </reporter-output>
  <suite name="Default suite" duration-ms="48789" started-at="2019-12-11T19:13:30 IST" finished-at="2019-12-11T19:14:19 IST">
    <groups>
    </groups>
    <test name="Default test" duration-ms="48789" started-at="2019-12-11T19:13:30 IST" finished-at="2019-12-11T19:14:19 IST">
      <class name="gRCenforce.gRCenforceLogin_logout">
        <test-method status="PASS" signature="invokeBrowesers()[pri:0, instance:gRCenforce.gRCenforceLogin_logout@2f9f7dcf]" name="invokeBrowesers" is-config="true" duration-ms="14061" started-at="2019-12-11T19:13:30 IST" finished-at="2019-12-11T19:13:44 IST">
          <reporter-output>
            <line>
              <![CDATA[<br><img src='C:\Users\chitramitc478\Desktop\Screenshot\20191211_191344.png' height='400' width='400'/><br>]]>
            </line>
          </reporter-output>
        </test-method> <!-- invokeBrowesers -->
        <test-method status="PASS" signature="login()[pri:1, instance:gRCenforce.gRCenforceLogin_logout@2f9f7dcf]" name="login" duration-ms="16670" started-at="2019-12-11T19:13:44 IST" finished-at="2019-12-11T19:14:01 IST">
          <reporter-output>
            <line>
              <![CDATA[<br><img src='C:\Users\chitramitc478\Desktop\Screenshot\20191211_191401.png' height='400' width='400'/><br>]]>
            </line>
          </reporter-output>
        </test-method> <!-- login -->
        <test-method status="PASS" signature="logout()[pri:2, instance:gRCenforce.gRCenforceLogin_logout@2f9f7dcf]" name="logout" duration-ms="16885" started-at="2019-12-11T19:14:01 IST" finished-at="2019-12-11T19:14:18 IST">
          <reporter-output>
            <line>
              <![CDATA[<br><img src='C:\Users\chitramitc478\Desktop\Screenshot\20191211_191418.png' height='400' width='400'/><br>]]>
            </line>
          </reporter-output>
        </test-method> <!-- logout -->
        <test-method status="PASS" signature="afterTest()[pri:0, instance:gRCenforce.gRCenforceLogin_logout@2f9f7dcf]" name="afterTest" is-config="true" duration-ms="1132" started-at="2019-12-11T19:14:18 IST" finished-at="2019-12-11T19:14:19 IST">
          <reporter-output>
          </reporter-output>
        </test-method> <!-- afterTest -->
      </class> <!-- gRCenforce.gRCenforceLogin_logout -->
    </test> <!-- Default test -->
  </suite> <!-- Default suite -->
</testng-results>
